Running Gradle task 'assembleDebug'...                          
lib/screens/add_recipe/cookbook_upload_screen.dart:188:46: Error: Member not found: 'caption'.
                        style: AppTextStyles.caption.copyWith(color: Colors.amber[800]),
                                             ^^^^^^^
Target kernel_snapshot_program failed: Exception


FAILURE: Build failed with an exception.

* What went wrong:
Execution failed for task ':app:compileFlutterBuildDebug'.
> Process 'command 'C:\flutter\flutter\bin\flutter.bat'' finished with non-zero exit value 1

* Try:
> Run with --stacktrace option to get the stack trace.
> Run with --info or --debug option to get more log output.
> Run with --scan to get full insights.
> Get more help at https://help.gradle.org.

BUILD FAILED in 29s
Running Gradle task 'assembleDebug'...                             30.1s
Gradle task assembleDebug failed with exit code 1
